time:2021-9-04 20:48:32.599	level:ERROR		thread:JDA MainWS-ReadThread	logger:net.dv8tion.jda.api.JDA	message:One of the EventListeners had an uncaught exception
java.lang.ArithmeticException: / by zero
	at taoCalc.dto.Attack.getAverage(Attack.java:63) ~[classes/:na]
	at taoCalc.commands.CalcCommand.execute(CalcCommand.java:50) ~[classes/:na]
	at com.jagrosh.jdautilities.command.Command.run(Command.java:323) ~[jda-utilities-command-3.0.5.jar:na]
	at com.jagrosh.jdautilities.command.impl.CommandClientImpl.onMessageReceived(CommandClientImpl.java:567) ~[classes/:3.0.5]
	at com.jagrosh.jdautilities.command.impl.CommandClientImpl.onEvent(CommandClientImpl.java:455) ~[classes/:3.0.5]
	at net.dv8tion.jda.api.hooks.InterfacedEventManager.handle(InterfacedEventManager.java:96) ~[JDA-4.2.0_227.jar:4.2.0_227]
	at net.dv8tion.jda.internal.hooks.EventManagerProxy.handleInternally(EventManagerProxy.java:88) [JDA-4.2.0_227.jar:4.2.0_227]
	at net.dv8tion.jda.internal.hooks.EventManagerProxy.handle(EventManagerProxy.java:70) [JDA-4.2.0_227.jar:4.2.0_227]
	at net.dv8tion.jda.internal.JDAImpl.handleEvent(JDAImpl.java:149) [JDA-4.2.0_227.jar:4.2.0_227]
	at net.dv8tion.jda.internal.handle.MessageCreateHandler.handleInternally(MessageCreateHandler.java:122) [JDA-4.2.0_227.jar:4.2.0_227]
	at net.dv8tion.jda.internal.handle.SocketHandler.handle(SocketHandler.java:36) [JDA-4.2.0_227.jar:4.2.0_227]
	at net.dv8tion.jda.internal.requests.WebSocketClient.onDispatch(WebSocketClient.java:952) [JDA-4.2.0_227.jar:4.2.0_227]
	at net.dv8tion.jda.internal.requests.WebSocketClient.onEvent(WebSocketClient.java:839) [JDA-4.2.0_227.jar:4.2.0_227]
	at net.dv8tion.jda.internal.requests.WebSocketClient.handleEvent(WebSocketClient.java:817) [JDA-4.2.0_227.jar:4.2.0_227]
	at net.dv8tion.jda.internal.requests.WebSocketClient.onBinaryMessage(WebSocketClient.java:990) [JDA-4.2.0_227.jar:4.2.0_227]
	at com.neovisionaries.ws.client.ListenerManager.callOnBinaryMessage(ListenerManager.java:385) [nv-websocket-client-2.10.jar:na]
	at com.neovisionaries.ws.client.ReadingThread.callOnBinaryMessage(ReadingThread.java:276) [nv-websocket-client-2.10.jar:na]
	at com.neovisionaries.ws.client.ReadingThread.handleBinaryFrame(ReadingThread.java:996) [nv-websocket-client-2.10.jar:na]
	at com.neovisionaries.ws.client.ReadingThread.handleFrame(ReadingThread.java:755) [nv-websocket-client-2.10.jar:na]
	at com.neovisionaries.ws.client.ReadingThread.main(ReadingThread.java:108) [nv-websocket-client-2.10.jar:na]
	at com.neovisionaries.ws.client.ReadingThread.runMain(ReadingThread.java:64) [nv-websocket-client-2.10.jar:na]
	at com.neovisionaries.ws.client.WebSocketThread.run(WebSocketThread.java:45) [nv-websocket-client-2.10.jar:na]
time:2021-9-04 20:49:15.856	level:ERROR		thread:JDA MainWS-ReadThread	logger:net.dv8tion.jda.api.JDA	message:One of the EventListeners had an uncaught exception
java.lang.ArithmeticException: / by zero
	at taoCalc.dto.Attack.getAverage(Attack.java:63) ~[classes/:na]
	at taoCalc.commands.CalcCommand.execute(CalcCommand.java:50) ~[classes/:na]
	at com.jagrosh.jdautilities.command.Command.run(Command.java:323) ~[jda-utilities-command-3.0.5.jar:na]
	at com.jagrosh.jdautilities.command.impl.CommandClientImpl.onMessageReceived(CommandClientImpl.java:567) ~[classes/:3.0.5]
	at com.jagrosh.jdautilities.command.impl.CommandClientImpl.onEvent(CommandClientImpl.java:455) ~[classes/:3.0.5]
	at net.dv8tion.jda.api.hooks.InterfacedEventManager.handle(InterfacedEventManager.java:96) ~[JDA-4.2.0_227.jar:4.2.0_227]
	at net.dv8tion.jda.internal.hooks.EventManagerProxy.handleInternally(EventManagerProxy.java:88) [JDA-4.2.0_227.jar:4.2.0_227]
	at net.dv8tion.jda.internal.hooks.EventManagerProxy.handle(EventManagerProxy.java:70) [JDA-4.2.0_227.jar:4.2.0_227]
	at net.dv8tion.jda.internal.JDAImpl.handleEvent(JDAImpl.java:149) [JDA-4.2.0_227.jar:4.2.0_227]
	at net.dv8tion.jda.internal.handle.MessageCreateHandler.handleInternally(MessageCreateHandler.java:122) [JDA-4.2.0_227.jar:4.2.0_227]
	at net.dv8tion.jda.internal.handle.SocketHandler.handle(SocketHandler.java:36) [JDA-4.2.0_227.jar:4.2.0_227]
	at net.dv8tion.jda.internal.requests.WebSocketClient.onDispatch(WebSocketClient.java:952) [JDA-4.2.0_227.jar:4.2.0_227]
	at net.dv8tion.jda.internal.requests.WebSocketClient.onEvent(WebSocketClient.java:839) [JDA-4.2.0_227.jar:4.2.0_227]
	at net.dv8tion.jda.internal.requests.WebSocketClient.handleEvent(WebSocketClient.java:817) [JDA-4.2.0_227.jar:4.2.0_227]
	at net.dv8tion.jda.internal.requests.WebSocketClient.onBinaryMessage(WebSocketClient.java:990) [JDA-4.2.0_227.jar:4.2.0_227]
	at com.neovisionaries.ws.client.ListenerManager.callOnBinaryMessage(ListenerManager.java:385) [nv-websocket-client-2.10.jar:na]
	at com.neovisionaries.ws.client.ReadingThread.callOnBinaryMessage(ReadingThread.java:276) [nv-websocket-client-2.10.jar:na]
	at com.neovisionaries.ws.client.ReadingThread.handleBinaryFrame(ReadingThread.java:996) [nv-websocket-client-2.10.jar:na]
	at com.neovisionaries.ws.client.ReadingThread.handleFrame(ReadingThread.java:755) [nv-websocket-client-2.10.jar:na]
	at com.neovisionaries.ws.client.ReadingThread.main(ReadingThread.java:108) [nv-websocket-client-2.10.jar:na]
	at com.neovisionaries.ws.client.ReadingThread.runMain(ReadingThread.java:64) [nv-websocket-client-2.10.jar:na]
	at com.neovisionaries.ws.client.WebSocketThread.run(WebSocketThread.java:45) [nv-websocket-client-2.10.jar:na]
